 _____________
< Linux é top >
 -------------
        \   ^__^
         \  (oo)\_______
            (__)\       )\/\
                ||----w |
                ||     ||
 _______________________
< Linux é ruim pra jogo >
 -----------------------
        \   ^__^
         \  (xx)\_______
            (__)\       )\/\
             U  ||----w |
                ||     ||
 _________________
< Linux é grátis! >
 -----------------
        \   ^__^
         \  (xx)\_______
            (__)\       )\/\
             U  ||----w |
                ||     ||
 _______
< Linux >
 -------
   \
    \
        .--.
       |o_o |
       |:_/ |
      //   \ \
     (|     | )
    /'\_   _/`\
    \___)=(___/

 _________________
< Linux é grátis! >
 -----------------
        \   ^__^
         \  ($$)\_______
            (__)\       )\/\
                ||----w |
                ||     ||
 _______
< Linux >
 -------
        \    ,-^-.
         \   !oYo!
          \ /./=\.\______
               ##        )\/\
                ||-----w||
                ||      ||

               Cowth Vader
 _______
< Linux >
 -------
      \                    / \  //\
       \    |\___/|      /   \//  \\
            /0  0  \__  /    //  | \ \    
           /     /  \/_/    //   |  \  \  
           @_^_@'/   \/_   //    |   \   \ 
           //_^_/     \/_ //     |    \    \
        ( //) |        \///      |     \     \
      ( / /) _|_ /   )  //       |      \     _\
    ( // /) '/,_ _ _/  ( ; -.    |    _ _\.-~        .-~~~^-.
  (( / / )) ,-{        _      `-.|.-~-.           .~         `.
 (( // / ))  '/\      /                 ~-. _ .-~      .-~^-.  \
 (( /// ))      `.   {            }                   /      \  \
  (( / ))     .----~-.\        \-'                 .~         \  `. \^-.
             ///.----..>        \             _ -~             `.  ^-`  ^-_
               ///-._ _ _ _ _ _ _}^ - - - - ~                     ~-- ,.-~
                                                                  /.-~
